*** Installation started 2014/11/07 13:53 ***
Source: C:\Users\malinovskiyy\Downloads\matplotlib-1.4.2.win-amd64-py2.7.exe
999 Root Key: HKEY_LOCAL_MACHINE
020 Reg DB Key: [Software\Microsoft\Windows\CurrentVersion\Uninstall]matplotlib-py2.7
040 Reg DB Value: [Software\Microsoft\Windows\CurrentVersion\Uninstall\matplotlib-py2.7]DisplayName=Python 2.7 matplotlib-1.4.2 (64-bit)
040 Reg DB Value: [Software\Microsoft\Windows\CurrentVersion\Uninstall\matplotlib-py2.7]UninstallString="C:\Program Files\Python27\Removematplotlib.exe" -u "C:\Program Files\Python27\matplotlib-wininst.log"
200 File Copy: C:\Program Files\Python27\Lib\site-packages\matplotlib-1.4.2-py2.7-nspkg.pth
200 File Copy: C:\Program Files\Python27\Lib\site-packages\pylab.py
100 Made Dir: C:\Program Files\Python27\Lib\site-packages\matplotlib
200 File Copy: C:\Program Files\Python27\Lib\site-packages\matplotlib\afm.py
200 File Copy: C:\Program Files\Python27\Lib\site-packages\matplotlib\animation.py
200 File Copy: C:\Program Files\Python27\Lib\site-packages\matplotlib\artist.py
200 File Copy: C:\Program Files\Python27\Lib\site-packages\matplotlib\axis.py
200 File Copy: C:\Program Files\Python27\Lib\site-packages\matplotlib\backend_bases.py
200 File Copy: C:\Program Files\Python27\Lib\site-packages\matplotlib\bezier.py
200 File Copy: C:\Program Files\Python27\Lib\site-packages\matplotlib\blocking_input.py
200 File Copy: C:\Program Files\Python27\Lib\site-packages\matplotlib\cbook.py
200 File Copy: C:\Program Files\Python27\Lib\site-packages\matplotlib\cm.py
200 File Copy: C:\Program Files\Python27\Lib\site-packages\matplotlib\collections.py
200 File Copy: C:\Program Files\Python27\Lib\site-packages\matplotlib\colorbar.py
200 File Copy: C:\Program Files\Python27\Lib\site-packages\matplotlib\colors.py
200 File Copy: C:\Program Files\Python27\Lib\site-packages\matplotlib\container.py
200 File Copy: C:\Program Files\Python27\Lib\site-packages\matplotlib\contour.py
200 File Copy: C:\Program Files\Python27\Lib\site-packages\matplotlib\dates.py
200 File Copy: C:\Program Files\Python27\Lib\site-packages\matplotlib\docstring.py
200 File Copy: C:\Program Files\Python27\Lib\site-packages\matplotlib\dviread.py
200 File Copy: C:\Program Files\Python27\Lib\site-packages\matplotlib\figure.py
200 File Copy: C:\Program Files\Python27\Lib\site-packages\matplotlib\finance.py
200 File Copy: C:\Program Files\Python27\Lib\site-packages\matplotlib\fontconfig_pattern.py
200 File Copy: C:\Program Files\Python27\Lib\site-packages\matplotlib\font_manager.py
200 File Copy: C:\Program Files\Python27\Lib\site-packages\matplotlib\ft2font.pyd
200 File Copy: C:\Program Files\Python27\Lib\site-packages\matplotlib\gridspec.py
200 File Copy: C:\Program Files\Python27\Lib\site-packages\matplotlib\hatch.py
200 File Copy: C:\Program Files\Python27\Lib\site-packages\matplotlib\image.py
200 File Copy: C:\Program Files\Python27\Lib\site-packages\matplotlib\legend.py
200 File Copy: C:\Program Files\Python27\Lib\site-packages\matplotlib\legend_handler.py
200 File Copy: C:\Program Files\Python27\Lib\site-packages\matplotlib\lines.py
200 File Copy: C:\Program Files\Python27\Lib\site-packages\matplotlib\markers.py
200 File Copy: C:\Program Files\Python27\Lib\site-packages\matplotlib\mathtext.py
200 File Copy: C:\Program Files\Python27\Lib\site-packages\matplotlib\mlab.py
200 File Copy: C:\Program Files\Python27\Lib\site-packages\matplotlib\mpl.py
200 File Copy: C:\Program Files\Python27\Lib\site-packages\matplotlib\offsetbox.py
200 File Copy: C:\Program Files\Python27\Lib\site-packages\matplotlib\patches.py
200 File Copy: C:\Program Files\Python27\Lib\site-packages\matplotlib\path.py
200 File Copy: C:\Program Files\Python27\Lib\site-packages\matplotlib\patheffects.py
200 File Copy: C:\Program Files\Python27\Lib\site-packages\matplotlib\pylab.py
200 File Copy: C:\Program Files\Python27\Lib\site-packages\matplotlib\pyplot.py
200 File Copy: C:\Program Files\Python27\Lib\site-packages\matplotlib\quiver.py
200 File Copy: C:\Program Files\Python27\Lib\site-packages\matplotlib\rcsetup.py
200 File Copy: C:\Program Files\Python27\Lib\site-packages\matplotlib\sankey.py
200 File Copy: C:\Program Files\Python27\Lib\site-packages\matplotlib\scale.py
200 File Copy: C:\Program Files\Python27\Lib\site-packages\matplotlib\spines.py
200 File Copy: C:\Program Files\Python27\Lib\site-packages\matplotlib\stackplot.py
200 File Copy: C:\Program Files\Python27\Lib\site-packages\matplotlib\streamplot.py
200 File Copy: C:\Program Files\Python27\Lib\site-packages\matplotlib\table.py
200 File Copy: C:\Program Files\Python27\Lib\site-packages\matplotlib\texmanager.py
200 File Copy: C:\Program Files\Python27\Lib\site-packages\matplotlib\text.py
200 File Copy: C:\Program Files\Python27\Lib\site-packages\matplotlib\textpath.py
200 File Copy: C:\Program Files\Python27\Lib\site-packages\matplotlib\ticker.py
200 File Copy: C:\Program Files\Python27\Lib\site-packages\matplotlib\tight_bbox.py
200 File Copy: C:\Program Files\Python27\Lib\site-packages\matplotlib\tight_layout.py
200 File Copy: C:\Program Files\Python27\Lib\site-packages\matplotlib\transforms.py
200 File Copy: C:\Program Files\Python27\Lib\site-packages\matplotlib\ttconv.pyd
200 File Copy: C:\Program Files\Python27\Lib\site-packages\matplotlib\type1font.py
200 File Copy: C:\Program Files\Python27\Lib\site-packages\matplotlib\units.py
200 File Copy: C:\Program Files\Python27\Lib\site-packages\matplotlib\widgets.py
200 File Copy: C:\Program Files\Python27\Lib\site-packages\matplotlib\_cm.py
200 File Copy: C:\Program Files\Python27\Lib\site-packages\matplotlib\_cntr.pyd
200 File Copy: C:\Program Files\Python27\Lib\site-packages\matplotlib\_delaunay.pyd
200 File Copy: C:\Program Files\Python27\Lib\site-packages\matplotlib\_image.pyd
200 File Copy: C:\Program Files\Python27\Lib\site-packages\matplotlib\_mathtext_data.py
200 File Copy: C:\Program Files\Python27\Lib\site-packages\matplotlib\_path.pyd
200 File Copy: C:\Program Files\Python27\Lib\site-packages\matplotlib\_png.pyd
200 File Copy: C:\Program Files\Python27\Lib\site-packages\matplotlib\_pylab_helpers.py
200 File Copy: C:\Program Files\Python27\Lib\site-packages\matplotlib\_qhull.pyd
200 File Copy: C:\Program Files\Python27\Lib\site-packages\matplotlib\_tri.pyd
200 File Copy: C:\Program Files\Python27\Lib\site-packages\matplotlib\_windowing.pyd
200 File Copy: C:\Program Files\Python27\Lib\site-packages\matplotlib\__init__.py
100 Made Dir: C:\Program Files\Python27\Lib\site-packages\matplotlib\axes
200 File Copy: C:\Program Files\Python27\Lib\site-packages\matplotlib\axes\_axes.py
200 File Copy: C:\Program Files\Python27\Lib\site-packages\matplotlib\axes\_base.py
200 File Copy: C:\Program Files\Python27\Lib\site-packages\matplotlib\axes\_subplots.py
200 File Copy: C:\Program Files\Python27\Lib\site-packages\matplotlib\axes\__init__.py
100 Made Dir: C:\Program Files\Python27\Lib\site-packages\matplotlib\backends
200 File Copy: C:\Program Files\Python27\Lib\site-packages\matplotlib\backends\backend_agg.py
200 File Copy: C:\Program Files\Python27\Lib\site-packages\matplotlib\backends\backend_cairo.py
200 File Copy: C:\Program Files\Python27\Lib\site-packages\matplotlib\backends\backend_cocoaagg.py
200 File Copy: C:\Program Files\Python27\Lib\site-packages\matplotlib\backends\backend_gdk.py
200 File Copy: C:\Program Files\Python27\Lib\site-packages\matplotlib\backends\backend_gtk.py
200 File Copy: C:\Program Files\Python27\Lib\site-packages\matplotlib\backends\backend_gtk3.py
200 File Copy: C:\Program Files\Python27\Lib\site-packages\matplotlib\backends\backend_gtk3agg.py
200 File Copy: C:\Program Files\Python27\Lib\site-packages\matplotlib\backends\backend_gtk3cairo.py
200 File Copy: C:\Program Files\Python27\Lib\site-packages\matplotlib\backends\backend_gtkagg.py
200 File Copy: C:\Program Files\Python27\Lib\site-packages\matplotlib\backends\backend_gtkcairo.py
200 File Copy: C:\Program Files\Python27\Lib\site-packages\matplotlib\backends\backend_macosx.py
200 File Copy: C:\Program Files\Python27\Lib\site-packages\matplotlib\backends\backend_mixed.py
200 File Copy: C:\Program Files\Python27\Lib\site-packages\matplotlib\backends\backend_nbagg.py
200 File Copy: C:\Program Files\Python27\Lib\site-packages\matplotlib\backends\backend_pdf.py
200 File Copy: C:\Program Files\Python27\Lib\site-packages\matplotlib\backends\backend_pgf.py
200 File Copy: C:\Program Files\Python27\Lib\site-packages\matplotlib\backends\backend_ps.py
200 File Copy: C:\Program Files\Python27\Lib\site-packages\matplotlib\backends\backend_qt4.py
200 File Copy: C:\Program Files\Python27\Lib\site-packages\matplotlib\backends\backend_qt4agg.py
200 File Copy: C:\Program Files\Python27\Lib\site-packages\matplotlib\backends\backend_qt5.py
200 File Copy: C:\Program Files\Python27\Lib\site-packages\matplotlib\backends\backend_qt5agg.py
200 File Copy: C:\Program Files\Python27\Lib\site-packages\matplotlib\backends\backend_svg.py
200 File Copy: C:\Program Files\Python27\Lib\site-packages\matplotlib\backends\backend_template.py
200 File Copy: C:\Program Files\Python27\Lib\site-packages\matplotlib\backends\backend_tkagg.py
200 File Copy: C:\Program Files\Python27\Lib\site-packages\matplotlib\backends\backend_webagg.py
200 File Copy: C:\Program Files\Python27\Lib\site-packages\matplotlib\backends\backend_webagg_core.py
200 File Copy: C:\Program Files\Python27\Lib\site-packages\matplotlib\backends\backend_wx.py
200 File Copy: C:\Program Files\Python27\Lib\site-packages\matplotlib\backends\backend_wxagg.py
200 File Copy: C:\Program Files\Python27\Lib\site-packages\matplotlib\backends\qt4_compat.py
200 File Copy: C:\Program Files\Python27\Lib\site-packages\matplotlib\backends\qt_compat.py
200 File Copy: C:\Program Files\Python27\Lib\site-packages\matplotlib\backends\tkagg.py
200 File Copy: C:\Program Files\Python27\Lib\site-packages\matplotlib\backends\windowing.py
200 File Copy: C:\Program Files\Python27\Lib\site-packages\matplotlib\backends\_backend_agg.pyd
200 File Copy: C:\Program Files\Python27\Lib\site-packages\matplotlib\backends\_backend_gdk.pyd
200 File Copy: C:\Program Files\Python27\Lib\site-packages\matplotlib\backends\_gtkagg.pyd
200 File Copy: C:\Program Files\Python27\Lib\site-packages\matplotlib\backends\_tkagg.pyd
200 File Copy: C:\Program Files\Python27\Lib\site-packages\matplotlib\backends\__init__.py
100 Made Dir: C:\Program Files\Python27\Lib\site-packages\matplotlib\backends\Matplotlib.nib
200 File Copy: C:\Program Files\Python27\Lib\site-packages\matplotlib\backends\Matplotlib.nib\classes.nib
200 File Copy: C:\Program Files\Python27\Lib\site-packages\matplotlib\backends\Matplotlib.nib\info.nib
200 File Copy: C:\Program Files\Python27\Lib\site-packages\matplotlib\backends\Matplotlib.nib\keyedobjects.nib
100 Made Dir: C:\Program Files\Python27\Lib\site-packages\matplotlib\backends\qt_editor
200 File Copy: C:\Program Files\Python27\Lib\site-packages\matplotlib\backends\qt_editor\figureoptions.py
200 File Copy: C:\Program Files\Python27\Lib\site-packages\matplotlib\backends\qt_editor\formlayout.py
200 File Copy: C:\Program Files\Python27\Lib\site-packages\matplotlib\backends\qt_editor\formsubplottool.py
200 File Copy: C:\Program Files\Python27\Lib\site-packages\matplotlib\backends\qt_editor\__init__.py
100 Made Dir: C:\Program Files\Python27\Lib\site-packages\matplotlib\backends\web_backend
200 File Copy: C:\Program Files\Python27\Lib\site-packages\matplotlib\backends\web_backend\all_figures.html
200 File Copy: C:\Program Files\Python27\Lib\site-packages\matplotlib\backends\web_backend\ipython_inline_figure.html
200 File Copy: C:\Program Files\Python27\Lib\site-packages\matplotlib\backends\web_backend\mpl.js
200 File Copy: C:\Program Files\Python27\Lib\site-packages\matplotlib\backends\web_backend\mpl_tornado.js
200 File Copy: C:\Program Files\Python27\Lib\site-packages\matplotlib\backends\web_backend\nbagg_mpl.js
200 File Copy: C:\Program Files\Python27\Lib\site-packages\matplotlib\backends\web_backend\nbagg_uat.ipynb
200 File Copy: C:\Program Files\Python27\Lib\site-packages\matplotlib\backends\web_backend\single_figure.html
100 Made Dir: C:\Program Files\Python27\Lib\site-packages\matplotlib\backends\web_backend\css
200 File Copy: C:\Program Files\Python27\Lib\site-packages\matplotlib\backends\web_backend\css\boilerplate.css
200 File Copy: C:\Program Files\Python27\Lib\site-packages\matplotlib\backends\web_backend\css\fbm.css
200 File Copy: C:\Program Files\Python27\Lib\site-packages\matplotlib\backends\web_backend\css\page.css
100 Made Dir: C:\Program Files\Python27\Lib\site-packages\matplotlib\backends\web_backend\jquery
100 Made Dir: C:\Program Files\Python27\Lib\site-packages\matplotlib\backends\web_backend\jquery\css
100 Made Dir: C:\Program Files\Python27\Lib\site-packages\matplotlib\backends\web_backend\jquery\css\themes
100 Made Dir: C:\Program Files\Python27\Lib\site-packages\matplotlib\backends\web_backend\jquery\css\themes\base
200 File Copy: C:\Program Files\Python27\Lib\site-packages\matplotlib\backends\web_backend\jquery\css\themes\base\jquery-ui.min.css
100 Made Dir: C:\Program Files\Python27\Lib\site-packages\matplotlib\backends\web_backend\jquery\css\themes\base\images
200 File Copy: C:\Program Files\Python27\Lib\site-packages\matplotlib\backends\web_backend\jquery\css\themes\base\images\ui-bg_flat_0_aaaaaa_40x100.png
200 File Copy: C:\Program Files\Python27\Lib\site-packages\matplotlib\backends\web_backend\jquery\css\themes\base\images\ui-bg_flat_75_ffffff_40x100.png
200 File Copy: C:\Program Files\Python27\Lib\site-packages\matplotlib\backends\web_backend\jquery\css\themes\base\images\ui-bg_glass_55_fbf9ee_1x400.png
200 File Copy: C:\Program Files\Python27\Lib\site-packages\matplotlib\backends\web_backend\jquery\css\themes\base\images\ui-bg_glass_65_ffffff_1x400.png
200 File Copy: C:\Program Files\Python27\Lib\site-packages\matplotlib\backends\web_backend\jquery\css\themes\base\images\ui-bg_glass_75_dadada_1x400.png
200 File Copy: C:\Program Files\Python27\Lib\site-packages\matplotlib\backends\web_backend\jquery\css\themes\base\images\ui-bg_glass_75_e6e6e6_1x400.png
200 File Copy: C:\Program Files\Python27\Lib\site-packages\matplotlib\backends\web_backend\jquery\css\themes\base\images\ui-bg_glass_95_fef1ec_1x400.png
200 File Copy: C:\Program Files\Python27\Lib\site-packages\matplotlib\backends\web_backend\jquery\css\themes\base\images\ui-bg_highlight-soft_75_cccccc_1x100.png
200 File Copy: C:\Program Files\Python27\Lib\site-packages\matplotlib\backends\web_backend\jquery\css\themes\base\images\ui-icons_222222_256x240.png
200 File Copy: C:\Program Files\Python27\Lib\site-packages\matplotlib\backends\web_backend\jquery\css\themes\base\images\ui-icons_2e83ff_256x240.png
200 File Copy: C:\Program Files\Python27\Lib\site-packages\matplotlib\backends\web_backend\jquery\css\themes\base\images\ui-icons_454545_256x240.png
200 File Copy: C:\Program Files\Python27\Lib\site-packages\matplotlib\backends\web_backend\jquery\css\themes\base\images\ui-icons_888888_256x240.png
200 File Copy: C:\Program Files\Python27\Lib\site-packages\matplotlib\backends\web_backend\jquery\css\themes\base\images\ui-icons_cd0a0a_256x240.png
100 Made Dir: C:\Program Files\Python27\Lib\site-packages\matplotlib\backends\web_backend\jquery\js
200 File Copy: C:\Program Files\Python27\Lib\site-packages\matplotlib\backends\web_backend\jquery\js\jquery-1.7.1.min.js
200 File Copy: C:\Program Files\Python27\Lib\site-packages\matplotlib\backends\web_backend\jquery\js\jquery-ui.min.js
200 File Copy: C:\Program Files\Python27\Lib\site-packages\matplotlib\backends\web_backend\jquery\js\jquery.autogrow.js
100 Made Dir: C:\Program Files\Python27\Lib\site-packages\matplotlib\compat
200 File Copy: C:\Program Files\Python27\Lib\site-packages\matplotlib\compat\subprocess.py
200 File Copy: C:\Program Files\Python27\Lib\site-packages\matplotlib\compat\__init__.py
100 Made Dir: C:\Program Files\Python27\Lib\site-packages\matplotlib\delaunay
200 File Copy: C:\Program Files\Python27\Lib\site-packages\matplotlib\delaunay\interpolate.py
200 File Copy: C:\Program Files\Python27\Lib\site-packages\matplotlib\delaunay\testfuncs.py
200 File Copy: C:\Program Files\Python27\Lib\site-packages\matplotlib\delaunay\triangulate.py
200 File Copy: C:\Program Files\Python27\Lib\site-packages\matplotlib\delaunay\__init__.py
100 Made Dir: C:\Program Files\Python27\Lib\site-packages\matplotlib\mpl-data
200 File Copy: C:\Program Files\Python27\Lib\site-packages\matplotlib\mpl-data\lineprops.glade
200 File Copy: C:\Program Files\Python27\Lib\site-packages\matplotlib\mpl-data\matplotlibrc
100 Made Dir: C:\Program Files\Python27\Lib\site-packages\matplotlib\mpl-data\fonts
100 Made Dir: C:\Program Files\Python27\Lib\site-packages\matplotlib\mpl-data\fonts\afm
200 File Copy: C:\Program Files\Python27\Lib\site-packages\matplotlib\mpl-data\fonts\afm\cmex10.afm
200 File Copy: C:\Program Files\Python27\Lib\site-packages\matplotlib\mpl-data\fonts\afm\cmmi10.afm
200 File Copy: C:\Program Files\Python27\Lib\site-packages\matplotlib\mpl-data\fonts\afm\cmr10.afm
200 File Copy: C:\Program Files\Python27\Lib\site-packages\matplotlib\mpl-data\fonts\afm\cmsy10.afm
200 File Copy: C:\Program Files\Python27\Lib\site-packages\matplotlib\mpl-data\fonts\afm\cmtt10.afm
200 File Copy: C:\Program Files\Python27\Lib\site-packages\matplotlib\mpl-data\fonts\afm\pagd8a.afm
200 File Copy: C:\Program Files\Python27\Lib\site-packages\matplotlib\mpl-data\fonts\afm\pagdo8a.afm
200 File Copy: C:\Program Files\Python27\Lib\site-packages\matplotlib\mpl-data\fonts\afm\pagk8a.afm
200 File Copy: C:\Program Files\Python27\Lib\site-packages\matplotlib\mpl-data\fonts\afm\pagko8a.afm
200 File Copy: C:\Program Files\Python27\Lib\site-packages\matplotlib\mpl-data\fonts\afm\pbkd8a.afm
200 File Copy: C:\Program Files\Python27\Lib\site-packages\matplotlib\mpl-data\fonts\afm\pbkdi8a.afm
200 File Copy: C:\Program Files\Python27\Lib\site-packages\matplotlib\mpl-data\fonts\afm\pbkl8a.afm
200 File Copy: C:\Program Files\Python27\Lib\site-packages\matplotlib\mpl-data\fonts\afm\pbkli8a.afm
200 File Copy: C:\Program Files\Python27\Lib\site-packages\matplotlib\mpl-data\fonts\afm\pcrb8a.afm
200 File Copy: C:\Program Files\Python27\Lib\site-packages\matplotlib\mpl-data\fonts\afm\pcrbo8a.afm
200 File Copy: C:\Program Files\Python27\Lib\site-packages\matplotlib\mpl-data\fonts\afm\pcrr8a.afm
200 File Copy: C:\Program Files\Python27\Lib\site-packages\matplotlib\mpl-data\fonts\afm\pcrro8a.afm
200 File Copy: C:\Program Files\Python27\Lib\site-packages\matplotlib\mpl-data\fonts\afm\phvb8a.afm
200 File Copy: C:\Program Files\Python27\Lib\site-packages\matplotlib\mpl-data\fonts\afm\phvb8an.afm
200 File Copy: C:\Program Files\Python27\Lib\site-packages\matplotlib\mpl-data\fonts\afm\phvbo8a.afm
200 File Copy: C:\Program Files\Python27\Lib\site-packages\matplotlib\mpl-data\fonts\afm\phvbo8an.afm
200 File Copy: C:\Program Files\Python27\Lib\site-packages\matplotlib\mpl-data\fonts\afm\phvl8a.afm
200 File Copy: C:\Program Files\Python27\Lib\site-packages\matplotlib\mpl-data\fonts\afm\phvlo8a.afm
200 File Copy: C:\Program Files\Python27\Lib\site-packages\matplotlib\mpl-data\fonts\afm\phvr8a.afm
200 File Copy: C:\Program Files\Python27\Lib\site-packages\matplotlib\mpl-data\fonts\afm\phvr8an.afm
200 File Copy: C:\Program Files\Python27\Lib\site-packages\matplotlib\mpl-data\fonts\afm\phvro8a.afm
200 File Copy: C:\Program Files\Python27\Lib\site-packages\matplotlib\mpl-data\fonts\afm\phvro8an.afm
200 File Copy: C:\Program Files\Python27\Lib\site-packages\matplotlib\mpl-data\fonts\afm\pncb8a.afm
200 File Copy: C:\Program Files\Python27\Lib\site-packages\matplotlib\mpl-data\fonts\afm\pncbi8a.afm
200 File Copy: C:\Program Files\Python27\Lib\site-packages\matplotlib\mpl-data\fonts\afm\pncr8a.afm
200 File Copy: C:\Program Files\Python27\Lib\site-packages\matplotlib\mpl-data\fonts\afm\pncri8a.afm
200 File Copy: C:\Program Files\Python27\Lib\site-packages\matplotlib\mpl-data\fonts\afm\pplb8a.afm
200 File Copy: C:\Program Files\Python27\Lib\site-packages\matplotlib\mpl-data\fonts\afm\pplbi8a.afm
200 File Copy: C:\Program Files\Python27\Lib\site-packages\matplotlib\mpl-data\fonts\afm\pplr8a.afm
200 File Copy: C:\Program Files\Python27\Lib\site-packages\matplotlib\mpl-data\fonts\afm\pplri8a.afm
200 File Copy: C:\Program Files\Python27\Lib\site-packages\matplotlib\mpl-data\fonts\afm\psyr.afm
200 File Copy: C:\Program Files\Python27\Lib\site-packages\matplotlib\mpl-data\fonts\afm\ptmb8a.afm
200 File Copy: C:\Program Files\Python27\Lib\site-packages\matplotlib\mpl-data\fonts\afm\ptmbi8a.afm
200 File Copy: C:\Program Files\Python27\Lib\site-packages\matplotlib\mpl-data\fonts\afm\ptmr8a.afm
200 File Copy: C:\Program Files\Python27\Lib\site-packages\matplotlib\mpl-data\fonts\afm\ptmri8a.afm
200 File Copy: C:\Program Files\Python27\Lib\site-packages\matplotlib\mpl-data\fonts\afm\putb8a.afm
200 File Copy: C:\Program Files\Python27\Lib\site-packages\matplotlib\mpl-data\fonts\afm\putbi8a.afm
200 File Copy: C:\Program Files\Python27\Lib\site-packages\matplotlib\mpl-data\fonts\afm\putr8a.afm
200 File Copy: C:\Program Files\Python27\Lib\site-packages\matplotlib\mpl-data\fonts\afm\putri8a.afm
200 File Copy: C:\Program Files\Python27\Lib\site-packages\matplotlib\mpl-data\fonts\afm\pzcmi8a.afm
200 File Copy: C:\Program Files\Python27\Lib\site-packages\matplotlib\mpl-data\fonts\afm\pzdr.afm
100 Made Dir: C:\Program Files\Python27\Lib\site-packages\matplotlib\mpl-data\fonts\pdfcorefonts
200 File Copy: C:\Program Files\Python27\Lib\site-packages\matplotlib\mpl-data\fonts\pdfcorefonts\Courier-Bold.afm
200 File Copy: C:\Program Files\Python27\Lib\site-packages\matplotlib\mpl-data\fonts\pdfcorefonts\Courier-BoldOblique.afm
200 File Copy: C:\Program Files\Python27\Lib\site-packages\matplotlib\mpl-data\fonts\pdfcorefonts\Courier-Oblique.afm
200 File Copy: C:\Program Files\Python27\Lib\site-packages\matplotlib\mpl-data\fonts\pdfcorefonts\Courier.afm
200 File Copy: C:\Program Files\Python27\Lib\site-packages\matplotlib\mpl-data\fonts\pdfcorefonts\Helvetica-Bold.afm
200 File Copy: C:\Program Files\Python27\Lib\site-packages\matplotlib\mpl-data\fonts\pdfcorefonts\Helvetica-BoldOblique.afm
200 File Copy: C:\Program Files\Python27\Lib\site-packages\matplotlib\mpl-data\fonts\pdfcorefonts\Helvetica-Oblique.afm
200 File Copy: C:\Program Files\Python27\Lib\site-packages\matplotlib\mpl-data\fonts\pdfcorefonts\Helvetica.afm
200 File Copy: C:\Program Files\Python27\Lib\site-packages\matplotlib\mpl-data\fonts\pdfcorefonts\readme.txt
200 File Copy: C:\Program Files\Python27\Lib\site-packages\matplotlib\mpl-data\fonts\pdfcorefonts\Symbol.afm
200 File Copy: C:\Program Files\Python27\Lib\site-packages\matplotlib\mpl-data\fonts\pdfcorefonts\Times-Bold.afm
200 File Copy: C:\Program Files\Python27\Lib\site-packages\matplotlib\mpl-data\fonts\pdfcorefonts\Times-BoldItalic.afm
200 File Copy: C:\Program Files\Python27\Lib\site-packages\matplotlib\mpl-data\fonts\pdfcorefonts\Times-Italic.afm
200 File Copy: C:\Program Files\Python27\Lib\site-packages\matplotlib\mpl-data\fonts\pdfcorefonts\Times-Roman.afm
200 File Copy: C:\Program Files\Python27\Lib\site-packages\matplotlib\mpl-data\fonts\pdfcorefonts\ZapfDingbats.afm
100 Made Dir: C:\Program Files\Python27\Lib\site-packages\matplotlib\mpl-data\fonts\ttf
200 File Copy: C:\Program Files\Python27\Lib\site-packages\matplotlib\mpl-data\fonts\ttf\cmb10.ttf
200 File Copy: C:\Program Files\Python27\Lib\site-packages\matplotlib\mpl-data\fonts\ttf\cmex10.ttf
200 File Copy: C:\Program Files\Python27\Lib\site-packages\matplotlib\mpl-data\fonts\ttf\cmmi10.ttf
200 File Copy: C:\Program Files\Python27\Lib\site-packages\matplotlib\mpl-data\fonts\ttf\cmr10.ttf
200 File Copy: C:\Program Files\Python27\Lib\site-packages\matplotlib\mpl-data\fonts\ttf\cmss10.ttf
200 File Copy: C:\Program Files\Python27\Lib\site-packages\matplotlib\mpl-data\fonts\ttf\cmsy10.ttf
200 File Copy: C:\Program Files\Python27\Lib\site-packages\matplotlib\mpl-data\fonts\ttf\cmtt10.ttf
200 File Copy: C:\Program Files\Python27\Lib\site-packages\matplotlib\mpl-data\fonts\ttf\COPYRIGHT.TXT
200 File Copy: C:\Program Files\Python27\Lib\site-packages\matplotlib\mpl-data\fonts\ttf\LICENSE_STIX
200 File Copy: C:\Program Files\Python27\Lib\site-packages\matplotlib\mpl-data\fonts\ttf\README.TXT
200 File Copy: C:\Program Files\Python27\Lib\site-packages\matplotlib\mpl-data\fonts\ttf\RELEASENOTES.TXT
200 File Copy: C:\Program Files\Python27\Lib\site-packages\matplotlib\mpl-data\fonts\ttf\STIXGeneral.ttf
200 File Copy: C:\Program Files\Python27\Lib\site-packages\matplotlib\mpl-data\fonts\ttf\STIXGeneralBol.ttf
200 File Copy: C:\Program Files\Python27\Lib\site-packages\matplotlib\mpl-data\fonts\ttf\STIXGeneralBolIta.ttf
200 File Copy: C:\Program Files\Python27\Lib\site-packages\matplotlib\mpl-data\fonts\ttf\STIXGeneralItalic.ttf
200 File Copy: C:\Program Files\Python27\Lib\site-packages\matplotlib\mpl-data\fonts\ttf\STIXNonUni.ttf
200 File Copy: C:\Program Files\Python27\Lib\site-packages\matplotlib\mpl-data\fonts\ttf\STIXNonUniBol.ttf
200 File Copy: C:\Program Files\Python27\Lib\site-packages\matplotlib\mpl-data\fonts\ttf\STIXNonUniBolIta.ttf
200 File Copy: C:\Program Files\Python27\Lib\site-packages\matplotlib\mpl-data\fonts\ttf\STIXNonUniIta.ttf
200 File Copy: C:\Program Files\Python27\Lib\site-packages\matplotlib\mpl-data\fonts\ttf\STIXSizFiveSymReg.ttf
200 File Copy: C:\Program Files\Python27\Lib\site-packages\matplotlib\mpl-data\fonts\ttf\STIXSizFourSymBol.ttf
200 File Copy: C:\Program Files\Python27\Lib\site-packages\matplotlib\mpl-data\fonts\ttf\STIXSizFourSymReg.ttf
200 File Copy: C:\Program Files\Python27\Lib\site-packages\matplotlib\mpl-data\fonts\ttf\STIXSizOneSymBol.ttf
200 File Copy: C:\Program Files\Python27\Lib\site-packages\matplotlib\mpl-data\fonts\ttf\STIXSizOneSymReg.ttf
200 File Copy: C:\Program Files\Python27\Lib\site-packages\matplotlib\mpl-data\fonts\ttf\STIXSizThreeSymBol.ttf
200 File Copy: C:\Program Files\Python27\Lib\site-packages\matplotlib\mpl-data\fonts\ttf\STIXSizThreeSymReg.ttf
200 File Copy: C:\Program Files\Python27\Lib\site-packages\matplotlib\mpl-data\fonts\ttf\STIXSizTwoSymBol.ttf
200 File Copy: C:\Program Files\Python27\Lib\site-packages\matplotlib\mpl-data\fonts\ttf\STIXSizTwoSymReg.ttf
200 File Copy: C:\Program Files\Python27\Lib\site-packages\matplotlib\mpl-data\fonts\ttf\Vera.ttf
200 File Copy: C:\Program Files\Python27\Lib\site-packages\matplotlib\mpl-data\fonts\ttf\VeraBd.ttf
200 File Copy: C:\Program Files\Python27\Lib\site-packages\matplotlib\mpl-data\fonts\ttf\VeraBI.ttf
200 File Copy: C:\Program Files\Python27\Lib\site-packages\matplotlib\mpl-data\fonts\ttf\VeraIt.ttf
200 File Copy: C:\Program Files\Python27\Lib\site-packages\matplotlib\mpl-data\fonts\ttf\VeraMoBd.ttf
200 File Copy: C:\Program Files\Python27\Lib\site-packages\matplotlib\mpl-data\fonts\ttf\VeraMoBI.ttf
200 File Copy: C:\Program Files\Python27\Lib\site-packages\matplotlib\mpl-data\fonts\ttf\VeraMoIt.ttf
200 File Copy: C:\Program Files\Python27\Lib\site-packages\matplotlib\mpl-data\fonts\ttf\VeraMono.ttf
200 File Copy: C:\Program Files\Python27\Lib\site-packages\matplotlib\mpl-data\fonts\ttf\VeraSe.ttf
200 File Copy: C:\Program Files\Python27\Lib\site-packages\matplotlib\mpl-data\fonts\ttf\VeraSeBd.ttf
100 Made Dir: C:\Program Files\Python27\Lib\site-packages\matplotlib\mpl-data\images
200 File Copy: C:\Program Files\Python27\Lib\site-packages\matplotlib\mpl-data\images\back.png
200 File Copy: C:\Program Files\Python27\Lib\site-packages\matplotlib\mpl-data\images\back.ppm
200 File Copy: C:\Program Files\Python27\Lib\site-packages\matplotlib\mpl-data\images\back.svg
200 File Copy: C:\Program Files\Python27\Lib\site-packages\matplotlib\mpl-data\images\back.xpm
200 File Copy: C:\Program Files\Python27\Lib\site-packages\matplotlib\mpl-data\images\filesave.png
200 File Copy: C:\Program Files\Python27\Lib\site-packages\matplotlib\mpl-data\images\filesave.ppm
200 File Copy: C:\Program Files\Python27\Lib\site-packages\matplotlib\mpl-data\images\filesave.svg
200 File Copy: C:\Program Files\Python27\Lib\site-packages\matplotlib\mpl-data\images\filesave.xpm
200 File Copy: C:\Program Files\Python27\Lib\site-packages\matplotlib\mpl-data\images\forward.png
200 File Copy: C:\Program Files\Python27\Lib\site-packages\matplotlib\mpl-data\images\forward.ppm
200 File Copy: C:\Program Files\Python27\Lib\site-packages\matplotlib\mpl-data\images\forward.svg
200 File Copy: C:\Program Files\Python27\Lib\site-packages\matplotlib\mpl-data\images\forward.xpm
200 File Copy: C:\Program Files\Python27\Lib\site-packages\matplotlib\mpl-data\images\hand.png
200 File Copy: C:\Program Files\Python27\Lib\site-packages\matplotlib\mpl-data\images\hand.ppm
200 File Copy: C:\Program Files\Python27\Lib\site-packages\matplotlib\mpl-data\images\hand.svg
200 File Copy: C:\Program Files\Python27\Lib\site-packages\matplotlib\mpl-data\images\hand.xpm
200 File Copy: C:\Program Files\Python27\Lib\site-packages\matplotlib\mpl-data\images\home.png
200 File Copy: C:\Program Files\Python27\Lib\site-packages\matplotlib\mpl-data\images\home.ppm
200 File Copy: C:\Program Files\Python27\Lib\site-packages\matplotlib\mpl-data\images\home.svg
200 File Copy: C:\Program Files\Python27\Lib\site-packages\matplotlib\mpl-data\images\home.xpm
200 File Copy: C:\Program Files\Python27\Lib\site-packages\matplotlib\mpl-data\images\matplotlib.gif
200 File Copy: C:\Program Files\Python27\Lib\site-packages\matplotlib\mpl-data\images\matplotlib.png
200 File Copy: C:\Program Files\Python27\Lib\site-packages\matplotlib\mpl-data\images\matplotlib.svg
200 File Copy: C:\Program Files\Python27\Lib\site-packages\matplotlib\mpl-data\images\move.png
200 File Copy: C:\Program Files\Python27\Lib\site-packages\matplotlib\mpl-data\images\move.ppm
200 File Copy: C:\Program Files\Python27\Lib\site-packages\matplotlib\mpl-data\images\move.svg
200 File Copy: C:\Program Files\Python27\Lib\site-packages\matplotlib\mpl-data\images\move.xpm
200 File Copy: C:\Program Files\Python27\Lib\site-packages\matplotlib\mpl-data\images\qt4_editor_options.png
200 File Copy: C:\Program Files\Python27\Lib\site-packages\matplotlib\mpl-data\images\qt4_editor_options.svg
200 File Copy: C:\Program Files\Python27\Lib\site-packages\matplotlib\mpl-data\images\stock_close.ppm
200 File Copy: C:\Program Files\Python27\Lib\site-packages\matplotlib\mpl-data\images\stock_close.xpm
200 File Copy: C:\Program Files\Python27\Lib\site-packages\matplotlib\mpl-data\images\stock_down.ppm
200 File Copy: C:\Program Files\Python27\Lib\site-packages\matplotlib\mpl-data\images\stock_down.xpm
200 File Copy: C:\Program Files\Python27\Lib\site-packages\matplotlib\mpl-data\images\stock_left.ppm
200 File Copy: C:\Program Files\Python27\Lib\site-packages\matplotlib\mpl-data\images\stock_left.xpm
200 File Copy: C:\Program Files\Python27\Lib\site-packages\matplotlib\mpl-data\images\stock_refresh.ppm
200 File Copy: C:\Program Files\Python27\Lib\site-packages\matplotlib\mpl-data\images\stock_refresh.xpm
200 File Copy: C:\Program Files\Python27\Lib\site-packages\matplotlib\mpl-data\images\stock_right.ppm
200 File Copy: C:\Program Files\Python27\Lib\site-packages\matplotlib\mpl-data\images\stock_right.xpm
200 File Copy: C:\Program Files\Python27\Lib\site-packages\matplotlib\mpl-data\images\stock_save_as.ppm
200 File Copy: C:\Program Files\Python27\Lib\site-packages\matplotlib\mpl-data\images\stock_save_as.xpm
200 File Copy: C:\Program Files\Python27\Lib\site-packages\matplotlib\mpl-data\images\stock_up.ppm
200 File Copy: C:\Program Files\Python27\Lib\site-packages\matplotlib\mpl-data\images\stock_up.xpm
200 File Copy: C:\Program Files\Python27\Lib\site-packages\matplotlib\mpl-data\images\stock_zoom-in.ppm
200 File Copy: C:\Program Files\Python27\Lib\site-packages\matplotlib\mpl-data\images\stock_zoom-in.xpm
200 File Copy: C:\Program Files\Python27\Lib\site-packages\matplotlib\mpl-data\images\stock_zoom-out.ppm
200 File Copy: C:\Program Files\Python27\Lib\site-packages\matplotlib\mpl-data\images\stock_zoom-out.xpm
200 File Copy: C:\Program Files\Python27\Lib\site-packages\matplotlib\mpl-data\images\subplots.png
200 File Copy: C:\Program Files\Python27\Lib\site-packages\matplotlib\mpl-data\images\subplots.ppm
200 File Copy: C:\Program Files\Python27\Lib\site-packages\matplotlib\mpl-data\images\subplots.xpm
200 File Copy: C:\Program Files\Python27\Lib\site-packages\matplotlib\mpl-data\images\zoom_to_rect.png
200 File Copy: C:\Program Files\Python27\Lib\site-packages\matplotlib\mpl-data\images\zoom_to_rect.ppm
200 File Copy: C:\Program Files\Python27\Lib\site-packages\matplotlib\mpl-data\images\zoom_to_rect.svg
200 File Copy: C:\Program Files\Python27\Lib\site-packages\matplotlib\mpl-data\images\zoom_to_rect.xpm
100 Made Dir: C:\Program Files\Python27\Lib\site-packages\matplotlib\mpl-data\stylelib
200 File Copy: C:\Program Files\Python27\Lib\site-packages\matplotlib\mpl-data\stylelib\bmh.mplstyle
200 File Copy: C:\Program Files\Python27\Lib\site-packages\matplotlib\mpl-data\stylelib\dark_background.mplstyle
200 File Copy: C:\Program Files\Python27\Lib\site-packages\matplotlib\mpl-data\stylelib\fivethirtyeight.mplstyle
200 File Copy: C:\Program Files\Python27\Lib\site-packages\matplotlib\mpl-data\stylelib\ggplot.mplstyle
200 File Copy: C:\Program Files\Python27\Lib\site-packages\matplotlib\mpl-data\stylelib\grayscale.mplstyle
100 Made Dir: C:\Program Files\Python27\Lib\site-packages\matplotlib\projections
200 File Copy: C:\Program Files\Python27\Lib\site-packages\matplotlib\projections\geo.py
200 File Copy: C:\Program Files\Python27\Lib\site-packages\matplotlib\projections\polar.py
200 File Copy: C:\Program Files\Python27\Lib\site-packages\matplotlib\projections\__init__.py
100 Made Dir: C:\Program Files\Python27\Lib\site-packages\matplotlib\sphinxext
200 File Copy: C:\Program Files\Python27\Lib\site-packages\matplotlib\sphinxext\ipython_console_highlighting.py
200 File Copy: C:\Program Files\Python27\Lib\site-packages\matplotlib\sphinxext\ipython_directive.py
200 File Copy: C:\Program Files\Python27\Lib\site-packages\matplotlib\sphinxext\mathmpl.py
200 File Copy: C:\Program Files\Python27\Lib\site-packages\matplotlib\sphinxext\only_directives.py
200 File Copy: C:\Program Files\Python27\Lib\site-packages\matplotlib\sphinxext\plot_directive.py
200 File Copy: C:\Program Files\Python27\Lib\site-packages\matplotlib\sphinxext\__init__.py
100 Made Dir: C:\Program Files\Python27\Lib\site-packages\matplotlib\style
200 File Copy: C:\Program Files\Python27\Lib\site-packages\matplotlib\style\core.py
200 File Copy: C:\Program Files\Python27\Lib\site-packages\matplotlib\style\__init__.py
100 Made Dir: C:\Program Files\Python27\Lib\site-packages\matplotlib\testing
200 File Copy: C:\Program Files\Python27\Lib\site-packages\matplotlib\testing\compare.py
200 File Copy: C:\Program Files\Python27\Lib\site-packages\matplotlib\testing\decorators.py
200 File Copy: C:\Program Files\Python27\Lib\site-packages\matplotlib\testing\image_util.py
200 File Copy: C:\Program Files\Python27\Lib\site-packages\matplotlib\testing\noseclasses.py
200 File Copy: C:\Program Files\Python27\Lib\site-packages\matplotlib\testing\__init__.py
100 Made Dir: C:\Program Files\Python27\Lib\site-packages\matplotlib\testing\jpl_units
200 File Copy: C:\Program Files\Python27\Lib\site-packages\matplotlib\testing\jpl_units\Duration.py
200 File Copy: C:\Program Files\Python27\Lib\site-packages\matplotlib\testing\jpl_units\Epoch.py
200 File Copy: C:\Program Files\Python27\Lib\site-packages\matplotlib\testing\jpl_units\EpochConverter.py
200 File Copy: C:\Program Files\Python27\Lib\site-packages\matplotlib\testing\jpl_units\StrConverter.py
200 File Copy: C:\Program Files\Python27\Lib\site-packages\matplotlib\testing\jpl_units\UnitDbl.py
200 File Copy: C:\Program Files\Python27\Lib\site-packages\matplotlib\testing\jpl_units\UnitDblConverter.py
200 File Copy: C:\Program Files\Python27\Lib\site-packages\matplotlib\testing\jpl_units\UnitDblFormatter.py
200 File Copy: C:\Program Files\Python27\Lib\site-packages\matplotlib\testing\jpl_units\__init__.py
100 Made Dir: C:\Program Files\Python27\Lib\site-packages\matplotlib\tri
200 File Copy: C:\Program Files\Python27\Lib\site-packages\matplotlib\tri\triangulation.py
200 File Copy: C:\Program Files\Python27\Lib\site-packages\matplotlib\tri\tricontour.py
200 File Copy: C:\Program Files\Python27\Lib\site-packages\matplotlib\tri\trifinder.py
200 File Copy: C:\Program Files\Python27\Lib\site-packages\matplotlib\tri\triinterpolate.py
200 File Copy: C:\Program Files\Python27\Lib\site-packages\matplotlib\tri\tripcolor.py
200 File Copy: C:\Program Files\Python27\Lib\site-packages\matplotlib\tri\triplot.py
200 File Copy: C:\Program Files\Python27\Lib\site-packages\matplotlib\tri\trirefine.py
200 File Copy: C:\Program Files\Python27\Lib\site-packages\matplotlib\tri\tritools.py
200 File Copy: C:\Program Files\Python27\Lib\site-packages\matplotlib\tri\__init__.py
100 Made Dir: C:\Program Files\Python27\Lib\site-packages\matplotlib-1.4.2-py2.7.egg-info
200 File Copy: C:\Program Files\Python27\Lib\site-packages\matplotlib-1.4.2-py2.7.egg-info\dependency_links.txt
200 File Copy: C:\Program Files\Python27\Lib\site-packages\matplotlib-1.4.2-py2.7.egg-info\namespace_packages.txt
200 File Copy: C:\Program Files\Python27\Lib\site-packages\matplotlib-1.4.2-py2.7.egg-info\not-zip-safe
200 File Copy: C:\Program Files\Python27\Lib\site-packages\matplotlib-1.4.2-py2.7.egg-info\PKG-INFO
200 File Copy: C:\Program Files\Python27\Lib\site-packages\matplotlib-1.4.2-py2.7.egg-info\requires.txt
200 File Copy: C:\Program Files\Python27\Lib\site-packages\matplotlib-1.4.2-py2.7.egg-info\SOURCES.txt
200 File Copy: C:\Program Files\Python27\Lib\site-packages\matplotlib-1.4.2-py2.7.egg-info\top_level.txt
100 Made Dir: C:\Program Files\Python27\Lib\site-packages\mpl_toolkits
200 File Copy: C:\Program Files\Python27\Lib\site-packages\mpl_toolkits\exceltools.py
200 File Copy: C:\Program Files\Python27\Lib\site-packages\mpl_toolkits\gtktools.py
100 Made Dir: C:\Program Files\Python27\Lib\site-packages\mpl_toolkits\axes_grid
200 File Copy: C:\Program Files\Python27\Lib\site-packages\mpl_toolkits\axes_grid\anchored_artists.py
200 File Copy: C:\Program Files\Python27\Lib\site-packages\mpl_toolkits\axes_grid\angle_helper.py
200 File Copy: C:\Program Files\Python27\Lib\site-packages\mpl_toolkits\axes_grid\axes_divider.py
200 File Copy: C:\Program Files\Python27\Lib\site-packages\mpl_toolkits\axes_grid\axes_grid.py
200 File Copy: C:\Program Files\Python27\Lib\site-packages\mpl_toolkits\axes_grid\axes_rgb.py
200 File Copy: C:\Program Files\Python27\Lib\site-packages\mpl_toolkits\axes_grid\axes_size.py
200 File Copy: C:\Program Files\Python27\Lib\site-packages\mpl_toolkits\axes_grid\axislines.py
200 File Copy: C:\Program Files\Python27\Lib\site-packages\mpl_toolkits\axes_grid\axisline_style.py
200 File Copy: C:\Program Files\Python27\Lib\site-packages\mpl_toolkits\axes_grid\axis_artist.py
200 File Copy: C:\Program Files\Python27\Lib\site-packages\mpl_toolkits\axes_grid\clip_path.py
200 File Copy: C:\Program Files\Python27\Lib\site-packages\mpl_toolkits\axes_grid\colorbar.py
200 File Copy: C:\Program Files\Python27\Lib\site-packages\mpl_toolkits\axes_grid\floating_axes.py
200 File Copy: C:\Program Files\Python27\Lib\site-packages\mpl_toolkits\axes_grid\grid_finder.py
200 File Copy: C:\Program Files\Python27\Lib\site-packages\mpl_toolkits\axes_grid\grid_helper_curvelinear.py
200 File Copy: C:\Program Files\Python27\Lib\site-packages\mpl_toolkits\axes_grid\inset_locator.py
200 File Copy: C:\Program Files\Python27\Lib\site-packages\mpl_toolkits\axes_grid\parasite_axes.py
200 File Copy: C:\Program Files\Python27\Lib\site-packages\mpl_toolkits\axes_grid\__init__.py
100 Made Dir: C:\Program Files\Python27\Lib\site-packages\mpl_toolkits\axes_grid1
200 File Copy: C:\Program Files\Python27\Lib\site-packages\mpl_toolkits\axes_grid1\anchored_artists.py
200 File Copy: C:\Program Files\Python27\Lib\site-packages\mpl_toolkits\axes_grid1\axes_divider.py
200 File Copy: C:\Program Files\Python27\Lib\site-packages\mpl_toolkits\axes_grid1\axes_grid.py
200 File Copy: C:\Program Files\Python27\Lib\site-packages\mpl_toolkits\axes_grid1\axes_rgb.py
200 File Copy: C:\Program Files\Python27\Lib\site-packages\mpl_toolkits\axes_grid1\axes_size.py
200 File Copy: C:\Program Files\Python27\Lib\site-packages\mpl_toolkits\axes_grid1\colorbar.py
200 File Copy: C:\Program Files\Python27\Lib\site-packages\mpl_toolkits\axes_grid1\inset_locator.py
200 File Copy: C:\Program Files\Python27\Lib\site-packages\mpl_toolkits\axes_grid1\mpl_axes.py
200 File Copy: C:\Program Files\Python27\Lib\site-packages\mpl_toolkits\axes_grid1\parasite_axes.py
200 File Copy: C:\Program Files\Python27\Lib\site-packages\mpl_toolkits\axes_grid1\__init__.py
100 Made Dir: C:\Program Files\Python27\Lib\site-packages\mpl_toolkits\axisartist
200 File Copy: C:\Program Files\Python27\Lib\site-packages\mpl_toolkits\axisartist\angle_helper.py
200 File Copy: C:\Program Files\Python27\Lib\site-packages\mpl_toolkits\axisartist\axislines.py
200 File Copy: C:\Program Files\Python27\Lib\site-packages\mpl_toolkits\axisartist\axisline_style.py
200 File Copy: C:\Program Files\Python27\Lib\site-packages\mpl_toolkits\axisartist\axis_artist.py
200 File Copy: C:\Program Files\Python27\Lib\site-packages\mpl_toolkits\axisartist\clip_path.py
200 File Copy: C:\Program Files\Python27\Lib\site-packages\mpl_toolkits\axisartist\floating_axes.py
200 File Copy: C:\Program Files\Python27\Lib\site-packages\mpl_toolkits\axisartist\grid_finder.py
200 File Copy: C:\Program Files\Python27\Lib\site-packages\mpl_toolkits\axisartist\grid_helper_curvelinear.py
200 File Copy: C:\Program Files\Python27\Lib\site-packages\mpl_toolkits\axisartist\__init__.py
100 Made Dir: C:\Program Files\Python27\Lib\site-packages\mpl_toolkits\mplot3d
200 File Copy: C:\Program Files\Python27\Lib\site-packages\mpl_toolkits\mplot3d\art3d.py
200 File Copy: C:\Program Files\Python27\Lib\site-packages\mpl_toolkits\mplot3d\axes3d.py
200 File Copy: C:\Program Files\Python27\Lib\site-packages\mpl_toolkits\mplot3d\axis3d.py
200 File Copy: C:\Program Files\Python27\Lib\site-packages\mpl_toolkits\mplot3d\proj3d.py
200 File Copy: C:\Program Files\Python27\Lib\site-packages\mpl_toolkits\mplot3d\__init__.py
200 File Copy: C:\Program Files\Python27\Lib\site-packages\mpl_toolkits\mplot3d\__init__.pyc
200 File Copy: C:\Program Files\Python27\Lib\site-packages\mpl_toolkits\mplot3d\proj3d.pyc
200 File Copy: C:\Program Files\Python27\Lib\site-packages\mpl_toolkits\mplot3d\axis3d.pyc
200 File Copy: C:\Program Files\Python27\Lib\site-packages\mpl_toolkits\mplot3d\axes3d.pyc
200 File Copy: C:\Program Files\Python27\Lib\site-packages\mpl_toolkits\mplot3d\art3d.pyc
200 File Copy: C:\Program Files\Python27\Lib\site-packages\mpl_toolkits\axisartist\__init__.pyc
200 File Copy: C:\Program Files\Python27\Lib\site-packages\mpl_toolkits\axisartist\grid_helper_curvelinear.pyc
200 File Copy: C:\Program Files\Python27\Lib\site-packages\mpl_toolkits\axisartist\grid_finder.pyc
200 File Copy: C:\Program Files\Python27\Lib\site-packages\mpl_toolkits\axisartist\floating_axes.pyc
200 File Copy: C:\Program Files\Python27\Lib\site-packages\mpl_toolkits\axisartist\clip_path.pyc
200 File Copy: C:\Program Files\Python27\Lib\site-packages\mpl_toolkits\axisartist\axis_artist.pyc
200 File Copy: C:\Program Files\Python27\Lib\site-packages\mpl_toolkits\axisartist\axisline_style.pyc
200 File Copy: C:\Program Files\Python27\Lib\site-packages\mpl_toolkits\axisartist\axislines.pyc
200 File Copy: C:\Program Files\Python27\Lib\site-packages\mpl_toolkits\axisartist\angle_helper.pyc
200 File Copy: C:\Program Files\Python27\Lib\site-packages\mpl_toolkits\axes_grid1\__init__.pyc
200 File Copy: C:\Program Files\Python27\Lib\site-packages\mpl_toolkits\axes_grid1\parasite_axes.pyc
200 File Copy: C:\Program Files\Python27\Lib\site-packages\mpl_toolkits\axes_grid1\mpl_axes.pyc
200 File Copy: C:\Program Files\Python27\Lib\site-packages\mpl_toolkits\axes_grid1\inset_locator.pyc
200 File Copy: C:\Program Files\Python27\Lib\site-packages\mpl_toolkits\axes_grid1\colorbar.pyc
200 File Copy: C:\Program Files\Python27\Lib\site-packages\mpl_toolkits\axes_grid1\axes_size.pyc
200 File Copy: C:\Program Files\Python27\Lib\site-packages\mpl_toolkits\axes_grid1\axes_rgb.pyc
200 File Copy: C:\Program Files\Python27\Lib\site-packages\mpl_toolkits\axes_grid1\axes_grid.pyc
200 File Copy: C:\Program Files\Python27\Lib\site-packages\mpl_toolkits\axes_grid1\axes_divider.pyc
200 File Copy: C:\Program Files\Python27\Lib\site-packages\mpl_toolkits\axes_grid1\anchored_artists.pyc
200 File Copy: C:\Program Files\Python27\Lib\site-packages\mpl_toolkits\axes_grid\__init__.pyc
200 File Copy: C:\Program Files\Python27\Lib\site-packages\mpl_toolkits\axes_grid\parasite_axes.pyc
200 File Copy: C:\Program Files\Python27\Lib\site-packages\mpl_toolkits\axes_grid\inset_locator.pyc
200 File Copy: C:\Program Files\Python27\Lib\site-packages\mpl_toolkits\axes_grid\grid_helper_curvelinear.pyc
200 File Copy: C:\Program Files\Python27\Lib\site-packages\mpl_toolkits\axes_grid\grid_finder.pyc
200 File Copy: C:\Program Files\Python27\Lib\site-packages\mpl_toolkits\axes_grid\floating_axes.pyc
200 File Copy: C:\Program Files\Python27\Lib\site-packages\mpl_toolkits\axes_grid\colorbar.pyc
200 File Copy: C:\Program Files\Python27\Lib\site-packages\mpl_toolkits\axes_grid\clip_path.pyc
200 File Copy: C:\Program Files\Python27\Lib\site-packages\mpl_toolkits\axes_grid\axis_artist.pyc
200 File Copy: C:\Program Files\Python27\Lib\site-packages\mpl_toolkits\axes_grid\axisline_style.pyc
200 File Copy: C:\Program Files\Python27\Lib\site-packages\mpl_toolkits\axes_grid\axislines.pyc
200 File Copy: C:\Program Files\Python27\Lib\site-packages\mpl_toolkits\axes_grid\axes_size.pyc
200 File Copy: C:\Program Files\Python27\Lib\site-packages\mpl_toolkits\axes_grid\axes_rgb.pyc
200 File Copy: C:\Program Files\Python27\Lib\site-packages\mpl_toolkits\axes_grid\axes_grid.pyc
200 File Copy: C:\Program Files\Python27\Lib\site-packages\mpl_toolkits\axes_grid\axes_divider.pyc
200 File Copy: C:\Program Files\Python27\Lib\site-packages\mpl_toolkits\axes_grid\angle_helper.pyc
200 File Copy: C:\Program Files\Python27\Lib\site-packages\mpl_toolkits\axes_grid\anchored_artists.pyc
200 File Copy: C:\Program Files\Python27\Lib\site-packages\mpl_toolkits\gtktools.pyc
200 File Copy: C:\Program Files\Python27\Lib\site-packages\mpl_toolkits\exceltools.pyc
200 File Copy: C:\Program Files\Python27\Lib\site-packages\matplotlib\tri\__init__.pyc
200 File Copy: C:\Program Files\Python27\Lib\site-packages\matplotlib\tri\tritools.pyc
200 File Copy: C:\Program Files\Python27\Lib\site-packages\matplotlib\tri\trirefine.pyc
200 File Copy: C:\Program Files\Python27\Lib\site-packages\matplotlib\tri\triplot.pyc
200 File Copy: C:\Program Files\Python27\Lib\site-packages\matplotlib\tri\tripcolor.pyc
200 File Copy: C:\Program Files\Python27\Lib\site-packages\matplotlib\tri\triinterpolate.pyc
200 File Copy: C:\Program Files\Python27\Lib\site-packages\matplotlib\tri\trifinder.pyc
200 File Copy: C:\Program Files\Python27\Lib\site-packages\matplotlib\tri\tricontour.pyc
200 File Copy: C:\Program Files\Python27\Lib\site-packages\matplotlib\tri\triangulation.pyc
200 File Copy: C:\Program Files\Python27\Lib\site-packages\matplotlib\testing\jpl_units\__init__.pyc
200 File Copy: C:\Program Files\Python27\Lib\site-packages\matplotlib\testing\jpl_units\UnitDblFormatter.pyc
200 File Copy: C:\Program Files\Python27\Lib\site-packages\matplotlib\testing\jpl_units\UnitDblConverter.pyc
200 File Copy: C:\Program Files\Python27\Lib\site-packages\matplotlib\testing\jpl_units\UnitDbl.pyc
200 File Copy: C:\Program Files\Python27\Lib\site-packages\matplotlib\testing\jpl_units\StrConverter.pyc
200 File Copy: C:\Program Files\Python27\Lib\site-packages\matplotlib\testing\jpl_units\EpochConverter.pyc
200 File Copy: C:\Program Files\Python27\Lib\site-packages\matplotlib\testing\jpl_units\Epoch.pyc
200 File Copy: C:\Program Files\Python27\Lib\site-packages\matplotlib\testing\jpl_units\Duration.pyc
200 File Copy: C:\Program Files\Python27\Lib\site-packages\matplotlib\testing\__init__.pyc
200 File Copy: C:\Program Files\Python27\Lib\site-packages\matplotlib\testing\noseclasses.pyc
200 File Copy: C:\Program Files\Python27\Lib\site-packages\matplotlib\testing\image_util.pyc
200 File Copy: C:\Program Files\Python27\Lib\site-packages\matplotlib\testing\decorators.pyc
200 File Copy: C:\Program Files\Python27\Lib\site-packages\matplotlib\testing\compare.pyc
200 File Copy: C:\Program Files\Python27\Lib\site-packages\matplotlib\style\__init__.pyc
200 File Copy: C:\Program Files\Python27\Lib\site-packages\matplotlib\style\core.pyc
200 File Copy: C:\Program Files\Python27\Lib\site-packages\matplotlib\sphinxext\__init__.pyc
200 File Copy: C:\Program Files\Python27\Lib\site-packages\matplotlib\sphinxext\plot_directive.pyc
200 File Copy: C:\Program Files\Python27\Lib\site-packages\matplotlib\sphinxext\only_directives.pyc
200 File Copy: C:\Program Files\Python27\Lib\site-packages\matplotlib\sphinxext\mathmpl.pyc
200 File Copy: C:\Program Files\Python27\Lib\site-packages\matplotlib\sphinxext\ipython_directive.pyc
200 File Copy: C:\Program Files\Python27\Lib\site-packages\matplotlib\sphinxext\ipython_console_highlighting.pyc
200 File Copy: C:\Program Files\Python27\Lib\site-packages\matplotlib\projections\__init__.pyc
200 File Copy: C:\Program Files\Python27\Lib\site-packages\matplotlib\projections\polar.pyc
200 File Copy: C:\Program Files\Python27\Lib\site-packages\matplotlib\projections\geo.pyc
200 File Copy: C:\Program Files\Python27\Lib\site-packages\matplotlib\delaunay\__init__.pyc
200 File Copy: C:\Program Files\Python27\Lib\site-packages\matplotlib\delaunay\triangulate.pyc
200 File Copy: C:\Program Files\Python27\Lib\site-packages\matplotlib\delaunay\testfuncs.pyc
200 File Copy: C:\Program Files\Python27\Lib\site-packages\matplotlib\delaunay\interpolate.pyc
200 File Copy: C:\Program Files\Python27\Lib\site-packages\matplotlib\compat\__init__.pyc
200 File Copy: C:\Program Files\Python27\Lib\site-packages\matplotlib\compat\subprocess.pyc
200 File Copy: C:\Program Files\Python27\Lib\site-packages\matplotlib\backends\qt_editor\__init__.pyc
200 File Copy: C:\Program Files\Python27\Lib\site-packages\matplotlib\backends\qt_editor\formsubplottool.pyc
200 File Copy: C:\Program Files\Python27\Lib\site-packages\matplotlib\backends\qt_editor\formlayout.pyc
200 File Copy: C:\Program Files\Python27\Lib\site-packages\matplotlib\backends\qt_editor\figureoptions.pyc
200 File Copy: C:\Program Files\Python27\Lib\site-packages\matplotlib\backends\__init__.pyc
200 File Copy: C:\Program Files\Python27\Lib\site-packages\matplotlib\backends\windowing.pyc
200 File Copy: C:\Program Files\Python27\Lib\site-packages\matplotlib\backends\tkagg.pyc
200 File Copy: C:\Program Files\Python27\Lib\site-packages\matplotlib\backends\qt_compat.pyc
200 File Copy: C:\Program Files\Python27\Lib\site-packages\matplotlib\backends\qt4_compat.pyc
200 File Copy: C:\Program Files\Python27\Lib\site-packages\matplotlib\backends\backend_wxagg.pyc
200 File Copy: C:\Program Files\Python27\Lib\site-packages\matplotlib\backends\backend_wx.pyc
200 File Copy: C:\Program Files\Python27\Lib\site-packages\matplotlib\backends\backend_webagg_core.pyc
200 File Copy: C:\Program Files\Python27\Lib\site-packages\matplotlib\backends\backend_webagg.pyc
200 File Copy: C:\Program Files\Python27\Lib\site-packages\matplotlib\backends\backend_tkagg.pyc
200 File Copy: C:\Program Files\Python27\Lib\site-packages\matplotlib\backends\backend_template.pyc
200 File Copy: C:\Program Files\Python27\Lib\site-packages\matplotlib\backends\backend_svg.pyc
200 File Copy: C:\Program Files\Python27\Lib\site-packages\matplotlib\backends\backend_qt5agg.pyc
200 File Copy: C:\Program Files\Python27\Lib\site-packages\matplotlib\backends\backend_qt5.pyc
200 File Copy: C:\Program Files\Python27\Lib\site-packages\matplotlib\backends\backend_qt4agg.pyc
200 File Copy: C:\Program Files\Python27\Lib\site-packages\matplotlib\backends\backend_qt4.pyc
200 File Copy: C:\Program Files\Python27\Lib\site-packages\matplotlib\backends\backend_ps.pyc
200 File Copy: C:\Program Files\Python27\Lib\site-packages\matplotlib\backends\backend_pgf.pyc
200 File Copy: C:\Program Files\Python27\Lib\site-packages\matplotlib\backends\backend_pdf.pyc
200 File Copy: C:\Program Files\Python27\Lib\site-packages\matplotlib\backends\backend_nbagg.pyc
200 File Copy: C:\Program Files\Python27\Lib\site-packages\matplotlib\backends\backend_mixed.pyc
200 File Copy: C:\Program Files\Python27\Lib\site-packages\matplotlib\backends\backend_macosx.pyc
200 File Copy: C:\Program Files\Python27\Lib\site-packages\matplotlib\backends\backend_gtkcairo.pyc
200 File Copy: C:\Program Files\Python27\Lib\site-packages\matplotlib\backends\backend_gtkagg.pyc
200 File Copy: C:\Program Files\Python27\Lib\site-packages\matplotlib\backends\backend_gtk3cairo.pyc
200 File Copy: C:\Program Files\Python27\Lib\site-packages\matplotlib\backends\backend_gtk3agg.pyc
200 File Copy: C:\Program Files\Python27\Lib\site-packages\matplotlib\backends\backend_gtk3.pyc
200 File Copy: C:\Program Files\Python27\Lib\site-packages\matplotlib\backends\backend_gtk.pyc
200 File Copy: C:\Program Files\Python27\Lib\site-packages\matplotlib\backends\backend_gdk.pyc
200 File Copy: C:\Program Files\Python27\Lib\site-packages\matplotlib\backends\backend_cocoaagg.pyc
200 File Copy: C:\Program Files\Python27\Lib\site-packages\matplotlib\backends\backend_cairo.pyc
200 File Copy: C:\Program Files\Python27\Lib\site-packages\matplotlib\backends\backend_agg.pyc
200 File Copy: C:\Program Files\Python27\Lib\site-packages\matplotlib\axes\__init__.pyc
200 File Copy: C:\Program Files\Python27\Lib\site-packages\matplotlib\axes\_subplots.pyc
200 File Copy: C:\Program Files\Python27\Lib\site-packages\matplotlib\axes\_base.pyc
200 File Copy: C:\Program Files\Python27\Lib\site-packages\matplotlib\axes\_axes.pyc
200 File Copy: C:\Program Files\Python27\Lib\site-packages\matplotlib\__init__.pyc
200 File Copy: C:\Program Files\Python27\Lib\site-packages\matplotlib\_pylab_helpers.pyc
200 File Copy: C:\Program Files\Python27\Lib\site-packages\matplotlib\_mathtext_data.pyc
200 File Copy: C:\Program Files\Python27\Lib\site-packages\matplotlib\_cm.pyc
200 File Copy: C:\Program Files\Python27\Lib\site-packages\matplotlib\widgets.pyc
200 File Copy: C:\Program Files\Python27\Lib\site-packages\matplotlib\units.pyc
200 File Copy: C:\Program Files\Python27\Lib\site-packages\matplotlib\type1font.pyc
200 File Copy: C:\Program Files\Python27\Lib\site-packages\matplotlib\transforms.pyc
200 File Copy: C:\Program Files\Python27\Lib\site-packages\matplotlib\tight_layout.pyc
200 File Copy: C:\Program Files\Python27\Lib\site-packages\matplotlib\tight_bbox.pyc
200 File Copy: C:\Program Files\Python27\Lib\site-packages\matplotlib\ticker.pyc
200 File Copy: C:\Program Files\Python27\Lib\site-packages\matplotlib\textpath.pyc
200 File Copy: C:\Program Files\Python27\Lib\site-packages\matplotlib\text.pyc
200 File Copy: C:\Program Files\Python27\Lib\site-packages\matplotlib\texmanager.pyc
200 File Copy: C:\Program Files\Python27\Lib\site-packages\matplotlib\table.pyc
200 File Copy: C:\Program Files\Python27\Lib\site-packages\matplotlib\streamplot.pyc
200 File Copy: C:\Program Files\Python27\Lib\site-packages\matplotlib\stackplot.pyc
200 File Copy: C:\Program Files\Python27\Lib\site-packages\matplotlib\spines.pyc
200 File Copy: C:\Program Files\Python27\Lib\site-packages\matplotlib\scale.pyc
200 File Copy: C:\Program Files\Python27\Lib\site-packages\matplotlib\sankey.pyc
200 File Copy: C:\Program Files\Python27\Lib\site-packages\matplotlib\rcsetup.pyc
200 File Copy: C:\Program Files\Python27\Lib\site-packages\matplotlib\quiver.pyc
200 File Copy: C:\Program Files\Python27\Lib\site-packages\matplotlib\pyplot.pyc
200 File Copy: C:\Program Files\Python27\Lib\site-packages\matplotlib\pylab.pyc
200 File Copy: C:\Program Files\Python27\Lib\site-packages\matplotlib\patheffects.pyc
200 File Copy: C:\Program Files\Python27\Lib\site-packages\matplotlib\path.pyc
200 File Copy: C:\Program Files\Python27\Lib\site-packages\matplotlib\patches.pyc
200 File Copy: C:\Program Files\Python27\Lib\site-packages\matplotlib\offsetbox.pyc
200 File Copy: C:\Program Files\Python27\Lib\site-packages\matplotlib\mpl.pyc
200 File Copy: C:\Program Files\Python27\Lib\site-packages\matplotlib\mlab.pyc
200 File Copy: C:\Program Files\Python27\Lib\site-packages\matplotlib\mathtext.pyc
200 File Copy: C:\Program Files\Python27\Lib\site-packages\matplotlib\markers.pyc
200 File Copy: C:\Program Files\Python27\Lib\site-packages\matplotlib\lines.pyc
200 File Copy: C:\Program Files\Python27\Lib\site-packages\matplotlib\legend_handler.pyc
200 File Copy: C:\Program Files\Python27\Lib\site-packages\matplotlib\legend.pyc
200 File Copy: C:\Program Files\Python27\Lib\site-packages\matplotlib\image.pyc
200 File Copy: C:\Program Files\Python27\Lib\site-packages\matplotlib\hatch.pyc
200 File Copy: C:\Program Files\Python27\Lib\site-packages\matplotlib\gridspec.pyc
200 File Copy: C:\Program Files\Python27\Lib\site-packages\matplotlib\font_manager.pyc
200 File Copy: C:\Program Files\Python27\Lib\site-packages\matplotlib\fontconfig_pattern.pyc
200 File Copy: C:\Program Files\Python27\Lib\site-packages\matplotlib\finance.pyc
200 File Copy: C:\Program Files\Python27\Lib\site-packages\matplotlib\figure.pyc
200 File Copy: C:\Program Files\Python27\Lib\site-packages\matplotlib\dviread.pyc
200 File Copy: C:\Program Files\Python27\Lib\site-packages\matplotlib\docstring.pyc
200 File Copy: C:\Program Files\Python27\Lib\site-packages\matplotlib\dates.pyc
200 File Copy: C:\Program Files\Python27\Lib\site-packages\matplotlib\contour.pyc
200 File Copy: C:\Program Files\Python27\Lib\site-packages\matplotlib\container.pyc
200 File Copy: C:\Program Files\Python27\Lib\site-packages\matplotlib\colors.pyc
200 File Copy: C:\Program Files\Python27\Lib\site-packages\matplotlib\colorbar.pyc
200 File Copy: C:\Program Files\Python27\Lib\site-packages\matplotlib\collections.pyc
200 File Copy: C:\Program Files\Python27\Lib\site-packages\matplotlib\cm.pyc
200 File Copy: C:\Program Files\Python27\Lib\site-packages\matplotlib\cbook.pyc
200 File Copy: C:\Program Files\Python27\Lib\site-packages\matplotlib\blocking_input.pyc
200 File Copy: C:\Program Files\Python27\Lib\site-packages\matplotlib\bezier.pyc
200 File Copy: C:\Program Files\Python27\Lib\site-packages\matplotlib\backend_bases.pyc
200 File Copy: C:\Program Files\Python27\Lib\site-packages\matplotlib\axis.pyc
200 File Copy: C:\Program Files\Python27\Lib\site-packages\matplotlib\artist.pyc
200 File Copy: C:\Program Files\Python27\Lib\site-packages\matplotlib\animation.pyc
200 File Copy: C:\Program Files\Python27\Lib\site-packages\matplotlib\afm.pyc
200 File Copy: C:\Program Files\Python27\Lib\site-packages\pylab.pyc
200 File Copy: C:\Program Files\Python27\Lib\site-packages\mpl_toolkits\mplot3d\__init__.pyo
200 File Copy: C:\Program Files\Python27\Lib\site-packages\mpl_toolkits\mplot3d\proj3d.pyo
200 File Copy: C:\Program Files\Python27\Lib\site-packages\mpl_toolkits\mplot3d\axis3d.pyo
200 File Copy: C:\Program Files\Python27\Lib\site-packages\mpl_toolkits\mplot3d\axes3d.pyo
200 File Copy: C:\Program Files\Python27\Lib\site-packages\mpl_toolkits\mplot3d\art3d.pyo
200 File Copy: C:\Program Files\Python27\Lib\site-packages\mpl_toolkits\axisartist\__init__.pyo
200 File Copy: C:\Program Files\Python27\Lib\site-packages\mpl_toolkits\axisartist\grid_helper_curvelinear.pyo
200 File Copy: C:\Program Files\Python27\Lib\site-packages\mpl_toolkits\axisartist\grid_finder.pyo
200 File Copy: C:\Program Files\Python27\Lib\site-packages\mpl_toolkits\axisartist\floating_axes.pyo
200 File Copy: C:\Program Files\Python27\Lib\site-packages\mpl_toolkits\axisartist\clip_path.pyo
200 File Copy: C:\Program Files\Python27\Lib\site-packages\mpl_toolkits\axisartist\axis_artist.pyo
200 File Copy: C:\Program Files\Python27\Lib\site-packages\mpl_toolkits\axisartist\axisline_style.pyo
200 File Copy: C:\Program Files\Python27\Lib\site-packages\mpl_toolkits\axisartist\axislines.pyo
200 File Copy: C:\Program Files\Python27\Lib\site-packages\mpl_toolkits\axisartist\angle_helper.pyo
200 File Copy: C:\Program Files\Python27\Lib\site-packages\mpl_toolkits\axes_grid1\__init__.pyo
200 File Copy: C:\Program Files\Python27\Lib\site-packages\mpl_toolkits\axes_grid1\parasite_axes.pyo
200 File Copy: C:\Program Files\Python27\Lib\site-packages\mpl_toolkits\axes_grid1\mpl_axes.pyo
200 File Copy: C:\Program Files\Python27\Lib\site-packages\mpl_toolkits\axes_grid1\inset_locator.pyo
200 File Copy: C:\Program Files\Python27\Lib\site-packages\mpl_toolkits\axes_grid1\colorbar.pyo
200 File Copy: C:\Program Files\Python27\Lib\site-packages\mpl_toolkits\axes_grid1\axes_size.pyo
200 File Copy: C:\Program Files\Python27\Lib\site-packages\mpl_toolkits\axes_grid1\axes_rgb.pyo
200 File Copy: C:\Program Files\Python27\Lib\site-packages\mpl_toolkits\axes_grid1\axes_grid.pyo
200 File Copy: C:\Program Files\Python27\Lib\site-packages\mpl_toolkits\axes_grid1\axes_divider.pyo
200 File Copy: C:\Program Files\Python27\Lib\site-packages\mpl_toolkits\axes_grid1\anchored_artists.pyo
200 File Copy: C:\Program Files\Python27\Lib\site-packages\mpl_toolkits\axes_grid\__init__.pyo
200 File Copy: C:\Program Files\Python27\Lib\site-packages\mpl_toolkits\axes_grid\parasite_axes.pyo
200 File Copy: C:\Program Files\Python27\Lib\site-packages\mpl_toolkits\axes_grid\inset_locator.pyo
200 File Copy: C:\Program Files\Python27\Lib\site-packages\mpl_toolkits\axes_grid\grid_helper_curvelinear.pyo
200 File Copy: C:\Program Files\Python27\Lib\site-packages\mpl_toolkits\axes_grid\grid_finder.pyo
200 File Copy: C:\Program Files\Python27\Lib\site-packages\mpl_toolkits\axes_grid\floating_axes.pyo
200 File Copy: C:\Program Files\Python27\Lib\site-packages\mpl_toolkits\axes_grid\colorbar.pyo
200 File Copy: C:\Program Files\Python27\Lib\site-packages\mpl_toolkits\axes_grid\clip_path.pyo
200 File Copy: C:\Program Files\Python27\Lib\site-packages\mpl_toolkits\axes_grid\axis_artist.pyo
200 File Copy: C:\Program Files\Python27\Lib\site-packages\mpl_toolkits\axes_grid\axisline_style.pyo
200 File Copy: C:\Program Files\Python27\Lib\site-packages\mpl_toolkits\axes_grid\axislines.pyo
200 File Copy: C:\Program Files\Python27\Lib\site-packages\mpl_toolkits\axes_grid\axes_size.pyo
200 File Copy: C:\Program Files\Python27\Lib\site-packages\mpl_toolkits\axes_grid\axes_rgb.pyo
200 File Copy: C:\Program Files\Python27\Lib\site-packages\mpl_toolkits\axes_grid\axes_grid.pyo
200 File Copy: C:\Program Files\Python27\Lib\site-packages\mpl_toolkits\axes_grid\axes_divider.pyo
200 File Copy: C:\Program Files\Python27\Lib\site-packages\mpl_toolkits\axes_grid\angle_helper.pyo
200 File Copy: C:\Program Files\Python27\Lib\site-packages\mpl_toolkits\axes_grid\anchored_artists.pyo
200 File Copy: C:\Program Files\Python27\Lib\site-packages\mpl_toolkits\gtktools.pyo
200 File Copy: C:\Program Files\Python27\Lib\site-packages\mpl_toolkits\exceltools.pyo
200 File Copy: C:\Program Files\Python27\Lib\site-packages\matplotlib\tri\__init__.pyo
200 File Copy: C:\Program Files\Python27\Lib\site-packages\matplotlib\tri\tritools.pyo
200 File Copy: C:\Program Files\Python27\Lib\site-packages\matplotlib\tri\trirefine.pyo
200 File Copy: C:\Program Files\Python27\Lib\site-packages\matplotlib\tri\triplot.pyo
200 File Copy: C:\Program Files\Python27\Lib\site-packages\matplotlib\tri\tripcolor.pyo
200 File Copy: C:\Program Files\Python27\Lib\site-packages\matplotlib\tri\triinterpolate.pyo
200 File Copy: C:\Program Files\Python27\Lib\site-packages\matplotlib\tri\trifinder.pyo
200 File Copy: C:\Program Files\Python27\Lib\site-packages\matplotlib\tri\tricontour.pyo
200 File Copy: C:\Program Files\Python27\Lib\site-packages\matplotlib\tri\triangulation.pyo
200 File Copy: C:\Program Files\Python27\Lib\site-packages\matplotlib\testing\jpl_units\__init__.pyo
200 File Copy: C:\Program Files\Python27\Lib\site-packages\matplotlib\testing\jpl_units\UnitDblFormatter.pyo
200 File Copy: C:\Program Files\Python27\Lib\site-packages\matplotlib\testing\jpl_units\UnitDblConverter.pyo
200 File Copy: C:\Program Files\Python27\Lib\site-packages\matplotlib\testing\jpl_units\UnitDbl.pyo
200 File Copy: C:\Program Files\Python27\Lib\site-packages\matplotlib\testing\jpl_units\StrConverter.pyo
200 File Copy: C:\Program Files\Python27\Lib\site-packages\matplotlib\testing\jpl_units\EpochConverter.pyo
200 File Copy: C:\Program Files\Python27\Lib\site-packages\matplotlib\testing\jpl_units\Epoch.pyo
200 File Copy: C:\Program Files\Python27\Lib\site-packages\matplotlib\testing\jpl_units\Duration.pyo
200 File Copy: C:\Program Files\Python27\Lib\site-packages\matplotlib\testing\__init__.pyo
200 File Copy: C:\Program Files\Python27\Lib\site-packages\matplotlib\testing\noseclasses.pyo
200 File Copy: C:\Program Files\Python27\Lib\site-packages\matplotlib\testing\image_util.pyo
200 File Copy: C:\Program Files\Python27\Lib\site-packages\matplotlib\testing\decorators.pyo
200 File Copy: C:\Program Files\Python27\Lib\site-packages\matplotlib\testing\compare.pyo
200 File Copy: C:\Program Files\Python27\Lib\site-packages\matplotlib\style\__init__.pyo
200 File Copy: C:\Program Files\Python27\Lib\site-packages\matplotlib\style\core.pyo
200 File Copy: C:\Program Files\Python27\Lib\site-packages\matplotlib\sphinxext\__init__.pyo
200 File Copy: C:\Program Files\Python27\Lib\site-packages\matplotlib\sphinxext\plot_directive.pyo
200 File Copy: C:\Program Files\Python27\Lib\site-packages\matplotlib\sphinxext\only_directives.pyo
200 File Copy: C:\Program Files\Python27\Lib\site-packages\matplotlib\sphinxext\mathmpl.pyo
200 File Copy: C:\Program Files\Python27\Lib\site-packages\matplotlib\sphinxext\ipython_directive.pyo
200 File Copy: C:\Program Files\Python27\Lib\site-packages\matplotlib\sphinxext\ipython_console_highlighting.pyo
200 File Copy: C:\Program Files\Python27\Lib\site-packages\matplotlib\projections\__init__.pyo
200 File Copy: C:\Program Files\Python27\Lib\site-packages\matplotlib\projections\polar.pyo
200 File Copy: C:\Program Files\Python27\Lib\site-packages\matplotlib\projections\geo.pyo
200 File Copy: C:\Program Files\Python27\Lib\site-packages\matplotlib\delaunay\__init__.pyo
200 File Copy: C:\Program Files\Python27\Lib\site-packages\matplotlib\delaunay\triangulate.pyo
200 File Copy: C:\Program Files\Python27\Lib\site-packages\matplotlib\delaunay\testfuncs.pyo
200 File Copy: C:\Program Files\Python27\Lib\site-packages\matplotlib\delaunay\interpolate.pyo
200 File Copy: C:\Program Files\Python27\Lib\site-packages\matplotlib\compat\__init__.pyo
200 File Copy: C:\Program Files\Python27\Lib\site-packages\matplotlib\compat\subprocess.pyo
200 File Copy: C:\Program Files\Python27\Lib\site-packages\matplotlib\backends\qt_editor\__init__.pyo
200 File Copy: C:\Program Files\Python27\Lib\site-packages\matplotlib\backends\qt_editor\formsubplottool.pyo
200 File Copy: C:\Program Files\Python27\Lib\site-packages\matplotlib\backends\qt_editor\formlayout.pyo
200 File Copy: C:\Program Files\Python27\Lib\site-packages\matplotlib\backends\qt_editor\figureoptions.pyo
200 File Copy: C:\Program Files\Python27\Lib\site-packages\matplotlib\backends\__init__.pyo
200 File Copy: C:\Program Files\Python27\Lib\site-packages\matplotlib\backends\windowing.pyo
200 File Copy: C:\Program Files\Python27\Lib\site-packages\matplotlib\backends\tkagg.pyo
200 File Copy: C:\Program Files\Python27\Lib\site-packages\matplotlib\backends\qt_compat.pyo
200 File Copy: C:\Program Files\Python27\Lib\site-packages\matplotlib\backends\qt4_compat.pyo
200 File Copy: C:\Program Files\Python27\Lib\site-packages\matplotlib\backends\backend_wxagg.pyo
200 File Copy: C:\Program Files\Python27\Lib\site-packages\matplotlib\backends\backend_wx.pyo
200 File Copy: C:\Program Files\Python27\Lib\site-packages\matplotlib\backends\backend_webagg_core.pyo
200 File Copy: C:\Program Files\Python27\Lib\site-packages\matplotlib\backends\backend_webagg.pyo
200 File Copy: C:\Program Files\Python27\Lib\site-packages\matplotlib\backends\backend_tkagg.pyo
200 File Copy: C:\Program Files\Python27\Lib\site-packages\matplotlib\backends\backend_template.pyo
200 File Copy: C:\Program Files\Python27\Lib\site-packages\matplotlib\backends\backend_svg.pyo
200 File Copy: C:\Program Files\Python27\Lib\site-packages\matplotlib\backends\backend_qt5agg.pyo
200 File Copy: C:\Program Files\Python27\Lib\site-packages\matplotlib\backends\backend_qt5.pyo
200 File Copy: C:\Program Files\Python27\Lib\site-packages\matplotlib\backends\backend_qt4agg.pyo
200 File Copy: C:\Program Files\Python27\Lib\site-packages\matplotlib\backends\backend_qt4.pyo
200 File Copy: C:\Program Files\Python27\Lib\site-packages\matplotlib\backends\backend_ps.pyo
200 File Copy: C:\Program Files\Python27\Lib\site-packages\matplotlib\backends\backend_pgf.pyo
200 File Copy: C:\Program Files\Python27\Lib\site-packages\matplotlib\backends\backend_pdf.pyo
200 File Copy: C:\Program Files\Python27\Lib\site-packages\matplotlib\backends\backend_nbagg.pyo
200 File Copy: C:\Program Files\Python27\Lib\site-packages\matplotlib\backends\backend_mixed.pyo
200 File Copy: C:\Program Files\Python27\Lib\site-packages\matplotlib\backends\backend_macosx.pyo
200 File Copy: C:\Program Files\Python27\Lib\site-packages\matplotlib\backends\backend_gtkcairo.pyo
200 File Copy: C:\Program Files\Python27\Lib\site-packages\matplotlib\backends\backend_gtkagg.pyo
200 File Copy: C:\Program Files\Python27\Lib\site-packages\matplotlib\backends\backend_gtk3cairo.pyo
200 File Copy: C:\Program Files\Python27\Lib\site-packages\matplotlib\backends\backend_gtk3agg.pyo
200 File Copy: C:\Program Files\Python27\Lib\site-packages\matplotlib\backends\backend_gtk3.pyo
200 File Copy: C:\Program Files\Python27\Lib\site-packages\matplotlib\backends\backend_gtk.pyo
200 File Copy: C:\Program Files\Python27\Lib\site-packages\matplotlib\backends\backend_gdk.pyo
200 File Copy: C:\Program Files\Python27\Lib\site-packages\matplotlib\backends\backend_cocoaagg.pyo
200 File Copy: C:\Program Files\Python27\Lib\site-packages\matplotlib\backends\backend_cairo.pyo
200 File Copy: C:\Program Files\Python27\Lib\site-packages\matplotlib\backends\backend_agg.pyo
200 File Copy: C:\Program Files\Python27\Lib\site-packages\matplotlib\axes\__init__.pyo
200 File Copy: C:\Program Files\Python27\Lib\site-packages\matplotlib\axes\_subplots.pyo
200 File Copy: C:\Program Files\Python27\Lib\site-packages\matplotlib\axes\_base.pyo
200 File Copy: C:\Program Files\Python27\Lib\site-packages\matplotlib\axes\_axes.pyo
200 File Copy: C:\Program Files\Python27\Lib\site-packages\matplotlib\__init__.pyo
200 File Copy: C:\Program Files\Python27\Lib\site-packages\matplotlib\_pylab_helpers.pyo
200 File Copy: C:\Program Files\Python27\Lib\site-packages\matplotlib\_mathtext_data.pyo
200 File Copy: C:\Program Files\Python27\Lib\site-packages\matplotlib\_cm.pyo
200 File Copy: C:\Program Files\Python27\Lib\site-packages\matplotlib\widgets.pyo
200 File Copy: C:\Program Files\Python27\Lib\site-packages\matplotlib\units.pyo
200 File Copy: C:\Program Files\Python27\Lib\site-packages\matplotlib\type1font.pyo
200 File Copy: C:\Program Files\Python27\Lib\site-packages\matplotlib\transforms.pyo
200 File Copy: C:\Program Files\Python27\Lib\site-packages\matplotlib\tight_layout.pyo
200 File Copy: C:\Program Files\Python27\Lib\site-packages\matplotlib\tight_bbox.pyo
200 File Copy: C:\Program Files\Python27\Lib\site-packages\matplotlib\ticker.pyo
200 File Copy: C:\Program Files\Python27\Lib\site-packages\matplotlib\textpath.pyo
200 File Copy: C:\Program Files\Python27\Lib\site-packages\matplotlib\text.pyo
200 File Copy: C:\Program Files\Python27\Lib\site-packages\matplotlib\texmanager.pyo
200 File Copy: C:\Program Files\Python27\Lib\site-packages\matplotlib\table.pyo
200 File Copy: C:\Program Files\Python27\Lib\site-packages\matplotlib\streamplot.pyo
200 File Copy: C:\Program Files\Python27\Lib\site-packages\matplotlib\stackplot.pyo
200 File Copy: C:\Program Files\Python27\Lib\site-packages\matplotlib\spines.pyo
200 File Copy: C:\Program Files\Python27\Lib\site-packages\matplotlib\scale.pyo
200 File Copy: C:\Program Files\Python27\Lib\site-packages\matplotlib\sankey.pyo
200 File Copy: C:\Program Files\Python27\Lib\site-packages\matplotlib\rcsetup.pyo
200 File Copy: C:\Program Files\Python27\Lib\site-packages\matplotlib\quiver.pyo
200 File Copy: C:\Program Files\Python27\Lib\site-packages\matplotlib\pyplot.pyo
200 File Copy: C:\Program Files\Python27\Lib\site-packages\matplotlib\pylab.pyo
200 File Copy: C:\Program Files\Python27\Lib\site-packages\matplotlib\patheffects.pyo
200 File Copy: C:\Program Files\Python27\Lib\site-packages\matplotlib\path.pyo
200 File Copy: C:\Program Files\Python27\Lib\site-packages\matplotlib\patches.pyo
200 File Copy: C:\Program Files\Python27\Lib\site-packages\matplotlib\offsetbox.pyo
200 File Copy: C:\Program Files\Python27\Lib\site-packages\matplotlib\mpl.pyo
200 File Copy: C:\Program Files\Python27\Lib\site-packages\matplotlib\mlab.pyo
200 File Copy: C:\Program Files\Python27\Lib\site-packages\matplotlib\mathtext.pyo
200 File Copy: C:\Program Files\Python27\Lib\site-packages\matplotlib\markers.pyo
200 File Copy: C:\Program Files\Python27\Lib\site-packages\matplotlib\lines.pyo
200 File Copy: C:\Program Files\Python27\Lib\site-packages\matplotlib\legend_handler.pyo
200 File Copy: C:\Program Files\Python27\Lib\site-packages\matplotlib\legend.pyo
200 File Copy: C:\Program Files\Python27\Lib\site-packages\matplotlib\image.pyo
200 File Copy: C:\Program Files\Python27\Lib\site-packages\matplotlib\hatch.pyo
200 File Copy: C:\Program Files\Python27\Lib\site-packages\matplotlib\gridspec.pyo
200 File Copy: C:\Program Files\Python27\Lib\site-packages\matplotlib\font_manager.pyo
200 File Copy: C:\Program Files\Python27\Lib\site-packages\matplotlib\fontconfig_pattern.pyo
200 File Copy: C:\Program Files\Python27\Lib\site-packages\matplotlib\finance.pyo
200 File Copy: C:\Program Files\Python27\Lib\site-packages\matplotlib\figure.pyo
200 File Copy: C:\Program Files\Python27\Lib\site-packages\matplotlib\dviread.pyo
200 File Copy: C:\Program Files\Python27\Lib\site-packages\matplotlib\docstring.pyo
200 File Copy: C:\Program Files\Python27\Lib\site-packages\matplotlib\dates.pyo
200 File Copy: C:\Program Files\Python27\Lib\site-packages\matplotlib\contour.pyo
200 File Copy: C:\Program Files\Python27\Lib\site-packages\matplotlib\container.pyo
200 File Copy: C:\Program Files\Python27\Lib\site-packages\matplotlib\colors.pyo
200 File Copy: C:\Program Files\Python27\Lib\site-packages\matplotlib\colorbar.pyo
200 File Copy: C:\Program Files\Python27\Lib\site-packages\matplotlib\collections.pyo
200 File Copy: C:\Program Files\Python27\Lib\site-packages\matplotlib\cm.pyo
200 File Copy: C:\Program Files\Python27\Lib\site-packages\matplotlib\cbook.pyo
200 File Copy: C:\Program Files\Python27\Lib\site-packages\matplotlib\blocking_input.pyo
200 File Copy: C:\Program Files\Python27\Lib\site-packages\matplotlib\bezier.pyo
200 File Copy: C:\Program Files\Python27\Lib\site-packages\matplotlib\backend_bases.pyo
200 File Copy: C:\Program Files\Python27\Lib\site-packages\matplotlib\axis.pyo
200 File Copy: C:\Program Files\Python27\Lib\site-packages\matplotlib\artist.pyo
200 File Copy: C:\Program Files\Python27\Lib\site-packages\matplotlib\animation.pyo
200 File Copy: C:\Program Files\Python27\Lib\site-packages\matplotlib\afm.pyo
200 File Copy: C:\Program Files\Python27\Lib\site-packages\pylab.pyo
